<?xml version="1.0" encoding="UTF-8"?>
<!-- Generated by org.testng.reporters.JUnitXMLReporter -->
<testsuite ignored="0" hostname="alejandrolammbp.lan" failures="0" tests="1" name="Test" time="0.567" errors="0" timestamp="2021-11-25T15:47:25 CST">
  <testcase classname="com.amazon.AmazonHomePageValidations" name="@BeforeTest setUp" time="0.531">
    <failure type="java.lang.NoClassDefFoundError" message="org/openqa/selenium/internal/ShutdownHooks$HookExecutionStrategy">
      <![CDATA[java.lang.NoClassDefFoundError: org/openqa/selenium/internal/ShutdownHooks$HookExecutionStrategy
at org.openqa.selenium.remote.http.netty.NettyClient.<init>(NettyClient.java:77)
at org.openqa.selenium.remote.http.netty.NettyClient.<init>(NettyClient.java:53)
at org.openqa.selenium.remote.http.netty.NettyClient$Factory.createClient(NettyClient.java:163)
at org.openqa.selenium.remote.HttpCommandExecutor.<init>(HttpCommandExecutor.java:107)
at org.openqa.selenium.remote.HttpCommandExecutor.<init>(HttpCommandExecutor.java:94)
at org.openqa.selenium.remote.HttpCommandExecutor.<init>(HttpCommandExecutor.java:85)
at org.openqa.selenium.remote.service.DriverCommandExecutor.<init>(DriverCommandExecutor.java:77)
at org.openqa.selenium.chromium.ChromiumDriverCommandExecutor.<init>(ChromiumDriverCommandExecutor.java:35)
at org.openqa.selenium.chrome.ChromeDriver$ChromeDriverCommandExecutor.<init>(ChromeDriver.java:111)
at org.openqa.selenium.chrome.ChromeDriver.<init>(ChromeDriver.java:104)
at org.openqa.selenium.chrome.ChromeDriver.<init>(ChromeDriver.java:91)
at org.openqa.selenium.chrome.ChromeDriver.<init>(ChromeDriver.java:46)
at com.amazon.AmazonHomePageValidations.setUp(AmazonHomePageValidations.java:17)
Caused by: java.lang.ClassNotFoundException: org.openqa.selenium.internal.ShutdownHooks$HookExecutionStrategy
at java.base/jdk.internal.loader.BuiltinClassLoader.loadClass(BuiltinClassLoader.java:636)
at java.base/jdk.internal.loader.ClassLoaders$AppClassLoader.loadClass(ClassLoaders.java:182)
at java.base/java.lang.ClassLoader.loadClass(ClassLoader.java:519)
... 37 more
... Removed 24 stack frames]]>
    </failure>
  </testcase> <!-- @BeforeTest setUp -->
  <testcase classname="com.amazon.AmazonHomePageValidations" name="validateFooterElements" time="0.0">
    <skipped/>
  </testcase> <!-- validateFooterElements -->
</testsuite> <!-- Test -->
